[ 2012-10-28  com.frre.cemami.utils.DefaultLogguer Type:INFO ] {:~  className:org.jdesktop.application.Application.NoApplication App started ~:} 
[ 2012-10-28  com.frre.cemami.utils.DefaultLogguer Type:INFO ] {:~  Max of 0 125 ~:} 
[ 2012-10-28  com.frre.cemami.utils.DefaultLogguer Type:INFO ] {:~  Max of 1 142 ~:} 
[ 2012-10-28  com.frre.cemami.utils.DefaultLogguer Type:INFO ] {:~  Max of 2 119 ~:} 
[ 2012-10-28  com.frre.cemami.utils.DefaultLogguer Type:INFO ] {:~  Max of 3 121 ~:} 
[ 2012-10-28  com.frre.cemami.utils.DefaultLogguer Type:INFO ] {:~   Starting Simulation  ~:} 
[ 2012-10-28  com.frre.cemami.utils.DefaultLogguer Type:INFO ] {:~  Max Age 6000 ~:} 
[ 2012-10-28  com.frre.cemami.utils.DefaultLogguer Type:INFO ] {:~  CurrentPopulation 100 ~:} 
[ 2012-10-28  com.frre.cemami.utils.DefaultLogguer Type:INFO ] {:~  className:org.jdesktop.application.Application.NoApplication App started ~:} 
[ 2012-10-28  com.frre.cemami.utils.DefaultLogguer Type:INFO ] {:~  Max of 0 125 ~:} 
[ 2012-10-28  com.frre.cemami.utils.DefaultLogguer Type:INFO ] {:~  Max of 1 142 ~:} 
[ 2012-10-28  com.frre.cemami.utils.DefaultLogguer Type:INFO ] {:~  Max of 2 119 ~:} 
[ 2012-10-28  com.frre.cemami.utils.DefaultLogguer Type:INFO ] {:~  Max of 3 121 ~:} 
[ 2012-10-28  com.frre.cemami.utils.DefaultLogguer Type:INFO ] {:~   Starting Simulation  ~:} 
[ 2012-10-28  com.frre.cemami.utils.DefaultLogguer Type:INFO ] {:~  Max Age 6000 ~:} 
[ 2012-10-28  com.frre.cemami.utils.DefaultLogguer Type:INFO ] {:~  CurrentPopulation 100 ~:} 
[ 2012-10-28  com.frre.cemami.utils.DefaultLogguer Type:INFO ] {:~  Individuo{fitnessValue=40090.0 productos= 1 --> [6] 2 --> [38] 3 --> [68] 4 --> [8] } ~:} 
[ 2012-10-28  com.frre.cemami.utils.DefaultLogguer Type:INFO ] {:~  Individuo{fitnessValue=40090.0 productos= 1 --> [6] 2 --> [38] 3 --> [68] 4 --> [8] } ~:} 
[ 2012-10-28  com.frre.cemami.utils.DefaultLogguer Type:INFO ] {:~  Individuo{fitnessValue=40090.0 productos= 1 --> [6] 2 --> [38] 3 --> [68] 4 --> [8] } ~:} 
[ 2012-10-28  com.frre.cemami.utils.DefaultLogguer Type:INFO ] {:~  Individuo{fitnessValue=40090.0 productos= 1 --> [6] 2 --> [38] 3 --> [68] 4 --> [8] } ~:} 
[ 2012-10-28  com.frre.cemami.utils.DefaultLogguer Type:INFO ] {:~  Individuo{fitnessValue=40090.0 productos= 1 --> [6] 2 --> [38] 3 --> [68] 4 --> [8] } ~:} 
[ 2012-10-28  com.frre.cemami.utils.DefaultLogguer Type:INFO ] {:~  className:org.jdesktop.application.Application.NoApplication App started ~:} 
[ 2012-10-28  com.frre.cemami.utils.DefaultLogguer Type:INFO ] {:~  Max of 0 125 ~:} 
[ 2012-10-28  com.frre.cemami.utils.DefaultLogguer Type:INFO ] {:~  Max of 1 142 ~:} 
[ 2012-10-28  com.frre.cemami.utils.DefaultLogguer Type:INFO ] {:~  Max of 2 119 ~:} 
[ 2012-10-28  com.frre.cemami.utils.DefaultLogguer Type:INFO ] {:~  Max of 3 121 ~:} 
[ 2012-10-28  com.frre.cemami.utils.DefaultLogguer Type:INFO ] {:~   Starting Simulation  ~:} 
[ 2012-10-28  com.frre.cemami.utils.DefaultLogguer Type:INFO ] {:~  Max Age 6000 ~:} 
[ 2012-10-28  com.frre.cemami.utils.DefaultLogguer Type:INFO ] {:~  CurrentPopulation 1000 ~:} 
[ 2012-10-28  com.frre.cemami.utils.DefaultLogguer Type:INFO ] {:~  Max of 0 125 ~:} 
[ 2012-10-28  com.frre.cemami.utils.DefaultLogguer Type:INFO ] {:~  Max of 1 142 ~:} 
[ 2012-10-28  com.frre.cemami.utils.DefaultLogguer Type:INFO ] {:~  Max of 2 119 ~:} 
[ 2012-10-28  com.frre.cemami.utils.DefaultLogguer Type:INFO ] {:~  Max of 3 121 ~:} 
[ 2012-10-28  com.frre.cemami.utils.DefaultLogguer Type:INFO ] {:~   Starting Simulation  ~:} 
[ 2012-10-28  com.frre.cemami.utils.DefaultLogguer Type:INFO ] {:~  Max Age 6000 ~:} 
[ 2012-10-28  com.frre.cemami.utils.DefaultLogguer Type:INFO ] {:~  CurrentPopulation 1000 ~:} 
[ 2012-10-28  com.frre.cemami.utils.DefaultLogguer Type:INFO ] {:~  className:org.jdesktop.application.Application.NoApplication App started ~:} 
[ 2012-10-28  com.frre.cemami.utils.DefaultLogguer Type:INFO ] {:~  Max of 0 125 ~:} 
[ 2012-10-28  com.frre.cemami.utils.DefaultLogguer Type:INFO ] {:~  Max of 1 142 ~:} 
[ 2012-10-28  com.frre.cemami.utils.DefaultLogguer Type:INFO ] {:~  Max of 2 119 ~:} 
[ 2012-10-28  com.frre.cemami.utils.DefaultLogguer Type:INFO ] {:~  Max of 3 121 ~:} 
[ 2012-10-28  com.frre.cemami.utils.DefaultLogguer Type:INFO ] {:~   Starting Simulation  ~:} 
[ 2012-10-28  com.frre.cemami.utils.DefaultLogguer Type:INFO ] {:~  Max Age 6000 ~:} 
[ 2012-10-28  com.frre.cemami.utils.DefaultLogguer Type:INFO ] {:~  CurrentPopulation 1000 ~:} 
[ 2012-10-28  com.frre.cemami.utils.DefaultLogguer Type:INFO ] {:~  className:org.jdesktop.application.Application.NoApplication App started ~:} 
[ 2012-10-28  com.frre.cemami.utils.DefaultLogguer Type:INFO ] {:~  Max of 0 125 ~:} 
[ 2012-10-28  com.frre.cemami.utils.DefaultLogguer Type:INFO ] {:~  Max of 1 142 ~:} 
[ 2012-10-28  com.frre.cemami.utils.DefaultLogguer Type:INFO ] {:~  Max of 2 119 ~:} 
[ 2012-10-28  com.frre.cemami.utils.DefaultLogguer Type:INFO ] {:~  Max of 3 121 ~:} 
[ 2012-10-28  com.frre.cemami.utils.DefaultLogguer Type:INFO ] {:~   Starting Simulation  ~:} 
[ 2012-10-28  com.frre.cemami.utils.DefaultLogguer Type:INFO ] {:~  Max Age 6000 ~:} 
[ 2012-10-28  com.frre.cemami.utils.DefaultLogguer Type:INFO ] {:~  CurrentPopulation 1000 ~:} 
[ 2012-10-28  com.frre.cemami.utils.DefaultLogguer Type:INFO ] {:~  className:org.jdesktop.application.Application.NoApplication App started ~:} 
[ 2012-10-28  com.frre.cemami.utils.DefaultLogguer Type:INFO ] {:~  Max of 0 125 ~:} 
[ 2012-10-28  com.frre.cemami.utils.DefaultLogguer Type:INFO ] {:~  Max of 1 142 ~:} 
[ 2012-10-28  com.frre.cemami.utils.DefaultLogguer Type:INFO ] {:~  Max of 2 119 ~:} 
[ 2012-10-28  com.frre.cemami.utils.DefaultLogguer Type:INFO ] {:~  Max of 3 121 ~:} 
[ 2012-10-28  com.frre.cemami.utils.DefaultLogguer Type:INFO ] {:~   Starting Simulation  ~:} 
[ 2012-10-28  com.frre.cemami.utils.DefaultLogguer Type:INFO ] {:~  Max Age 600 ~:} 
[ 2012-10-28  com.frre.cemami.utils.DefaultLogguer Type:INFO ] {:~  CurrentPopulation 100 ~:} 
[ 2012-10-28  com.frre.cemami.utils.DefaultLogguer Type:INFO ] {:~  Individuo{fitnessValue=40180.0 productos= 1 --> [1] 2 --> [10] 3 --> [102] 4 --> [3] } ~:} 
[ 2012-10-28  com.frre.cemami.utils.DefaultLogguer Type:INFO ] {:~  Individuo{fitnessValue=40180.0 productos= 1 --> [1] 2 --> [10] 3 --> [102] 4 --> [3] } ~:} 
[ 2012-10-28  com.frre.cemami.utils.DefaultLogguer Type:INFO ] {:~  Individuo{fitnessValue=40180.0 productos= 1 --> [1] 2 --> [10] 3 --> [102] 4 --> [3] } ~:} 
[ 2012-10-28  com.frre.cemami.utils.DefaultLogguer Type:INFO ] {:~  Individuo{fitnessValue=40180.0 productos= 1 --> [1] 2 --> [10] 3 --> [102] 4 --> [3] } ~:} 
[ 2012-10-28  com.frre.cemami.utils.DefaultLogguer Type:INFO ] {:~  Individuo{fitnessValue=40180.0 productos= 1 --> [1] 2 --> [10] 3 --> [102] 4 --> [3] } ~:} 
[ 2012-10-28  com.frre.cemami.utils.DefaultLogguer Type:INFO ] {:~  className:org.jdesktop.application.Application.NoApplication App started ~:} 
[ 2012-10-28  com.frre.cemami.utils.DefaultLogguer Type:INFO ] {:~  className:org.jdesktop.application.Application.NoApplication App started ~:} 
[ 2012-10-28  com.frre.cemami.utils.DefaultLogguer Type:INFO ] {:~  className:org.jdesktop.application.Application.NoApplication App started ~:} 
[ 2012-10-28  com.frre.cemami.utils.DefaultLogguer Type:INFO ] {:~  className:org.jdesktop.application.Application.NoApplication App started ~:} 
[ 2012-10-28  com.frre.cemami.utils.DefaultLogguer Type:ERROR ] {:~  className:iapractica.views.MainPanelView No agresgaste materia prima para comenzar con la simulacion ~:} 
[ 2012-10-28  com.frre.cemami.utils.DefaultLogguer Type:ERROR ] {:~  className:iapractica.views.MainPanelView Los Campos deben ser solamente numeros ~:} 
[ 2012-10-28  com.frre.cemami.utils.DefaultLogguer Type:ERROR ] {:~  className:iapractica.views.MainPanelView Los Campos deben ser solamente numeros ~:} 
[ 2012-10-28  com.frre.cemami.utils.DefaultLogguer Type:ERROR ] {:~  className:iapractica.views.MainPanelView Los Campos deben ser solamente numeros ~:} 
[ 2012-10-28  com.frre.cemami.utils.DefaultLogguer Type:INFO ] {:~  className:org.jdesktop.application.Application.NoApplication App started ~:} 
[ 2012-10-28  com.frre.cemami.utils.DefaultLogguer Type:INFO ] {:~  Max of 0 0 ~:} 
[ 2012-10-28  com.frre.cemami.utils.DefaultLogguer Type:INFO ] {:~  Max of 1 0 ~:} 
[ 2012-10-28  com.frre.cemami.utils.DefaultLogguer Type:INFO ] {:~  Max of 2 2 ~:} 
[ 2012-10-28  com.frre.cemami.utils.DefaultLogguer Type:INFO ] {:~  Max of 3 0 ~:} 
[ 2012-10-28  com.frre.cemami.utils.DefaultLogguer Type:INFO ] {:~   Starting Simulation  ~:} 
[ 2012-10-28  com.frre.cemami.utils.DefaultLogguer Type:INFO ] {:~  Max Age 196 ~:} 
[ 2012-10-28  com.frre.cemami.utils.DefaultLogguer Type:INFO ] {:~  CurrentPopulation 512 ~:} 
[ 2012-10-28  com.frre.cemami.utils.DefaultLogguer Type:INFO ] {:~  Individuo{fitnessValue=240.0 productos= 1 --> [0] 2 --> [0] 3 --> [0] 4 --> [0] } ~:} 
[ 2012-10-28  com.frre.cemami.utils.DefaultLogguer Type:INFO ] {:~  Individuo{fitnessValue=240.0 productos= 1 --> [0] 2 --> [0] 3 --> [0] 4 --> [0] } ~:} 
[ 2012-10-28  com.frre.cemami.utils.DefaultLogguer Type:INFO ] {:~  Individuo{fitnessValue=240.0 productos= 1 --> [0] 2 --> [0] 3 --> [0] 4 --> [0] } ~:} 
[ 2012-10-28  com.frre.cemami.utils.DefaultLogguer Type:INFO ] {:~  Individuo{fitnessValue=240.0 productos= 1 --> [0] 2 --> [0] 3 --> [0] 4 --> [0] } ~:} 
[ 2012-10-28  com.frre.cemami.utils.DefaultLogguer Type:INFO ] {:~  Individuo{fitnessValue=240.0 productos= 1 --> [0] 2 --> [0] 3 --> [0] 4 --> [0] } ~:} 
[ 2012-10-28  com.frre.cemami.utils.DefaultLogguer Type:INFO ] {:~  className:org.jdesktop.application.Application.NoApplication App started ~:} 
[ 2012-10-28  com.frre.cemami.utils.DefaultLogguer Type:ERROR ] {:~  className:iapractica.views.MainPanelView Valores Agregados con exito ~:} 
[ 2012-10-28  com.frre.cemami.utils.DefaultLogguer Type:INFO ] {:~  Max of 0 0 ~:} 
[ 2012-10-28  com.frre.cemami.utils.DefaultLogguer Type:INFO ] {:~  Max of 1 0 ~:} 
[ 2012-10-28  com.frre.cemami.utils.DefaultLogguer Type:INFO ] {:~  Max of 2 9 ~:} 
[ 2012-10-28  com.frre.cemami.utils.DefaultLogguer Type:INFO ] {:~  Max of 3 0 ~:} 
[ 2012-10-28  com.frre.cemami.utils.DefaultLogguer Type:INFO ] {:~   Starting Simulation  ~:} 
[ 2012-10-28  com.frre.cemami.utils.DefaultLogguer Type:INFO ] {:~  Max Age 774 ~:} 
[ 2012-10-28  com.frre.cemami.utils.DefaultLogguer Type:INFO ] {:~  CurrentPopulation 297 ~:} 
[ 2012-10-28  com.frre.cemami.utils.DefaultLogguer Type:INFO ] {:~  className:org.jdesktop.application.Application.NoApplication App started ~:} 
[ 2012-10-28  com.frre.cemami.utils.DefaultLogguer Type:ERROR ] {:~  className:iapractica.views.MainPanelView Valores Agregados con exito ~:} 
[ 2012-10-28  com.frre.cemami.utils.DefaultLogguer Type:INFO ] {:~  Max of 0 0 ~:} 
[ 2012-10-28  com.frre.cemami.utils.DefaultLogguer Type:INFO ] {:~  Max of 1 0 ~:} 
[ 2012-10-28  com.frre.cemami.utils.DefaultLogguer Type:INFO ] {:~  Max of 2 8 ~:} 
[ 2012-10-28  com.frre.cemami.utils.DefaultLogguer Type:INFO ] {:~  Max of 3 0 ~:} 
[ 2012-10-28  com.frre.cemami.utils.DefaultLogguer Type:INFO ] {:~   Starting Simulation  ~:} 
[ 2012-10-28  com.frre.cemami.utils.DefaultLogguer Type:INFO ] {:~  Max Age 741 ~:} 
[ 2012-10-28  com.frre.cemami.utils.DefaultLogguer Type:INFO ] {:~  CurrentPopulation 168 ~:} 
[ 2012-10-28  com.frre.cemami.utils.DefaultLogguer Type:INFO ] {:~  className:org.jdesktop.application.Application.NoApplication App started ~:} 
[ 2012-10-28  com.frre.cemami.utils.DefaultLogguer Type:ERROR ] {:~  className:iapractica.views.MainPanelView Valores Agregados con exito ~:} 
[ 2012-10-28  com.frre.cemami.utils.DefaultLogguer Type:INFO ] {:~  Max of 0 0 ~:} 
[ 2012-10-28  com.frre.cemami.utils.DefaultLogguer Type:INFO ] {:~  Max of 1 0 ~:} 
[ 2012-10-28  com.frre.cemami.utils.DefaultLogguer Type:INFO ] {:~  Max of 2 0 ~:} 
[ 2012-10-28  com.frre.cemami.utils.DefaultLogguer Type:INFO ] {:~  Max of 3 0 ~:} 
[ 2012-10-28  com.frre.cemami.utils.DefaultLogguer Type:INFO ] {:~   Starting Simulation  ~:} 
[ 2012-10-28  com.frre.cemami.utils.DefaultLogguer Type:INFO ] {:~  Max Age 64 ~:} 
[ 2012-10-28  com.frre.cemami.utils.DefaultLogguer Type:INFO ] {:~  CurrentPopulation 154 ~:} 
[ 2012-10-28  com.frre.cemami.utils.DefaultLogguer Type:INFO ] {:~  Individuo{fitnessValue=0.0 productos= 1 --> [0] 2 --> [0] 3 --> [0] 4 --> [0] } ~:} 
[ 2012-10-28  com.frre.cemami.utils.DefaultLogguer Type:INFO ] {:~  Individuo{fitnessValue=0.0 productos= 1 --> [0] 2 --> [0] 3 --> [0] 4 --> [0] } ~:} 
[ 2012-10-28  com.frre.cemami.utils.DefaultLogguer Type:INFO ] {:~  Individuo{fitnessValue=0.0 productos= 1 --> [0] 2 --> [0] 3 --> [0] 4 --> [0] } ~:} 
[ 2012-10-28  com.frre.cemami.utils.DefaultLogguer Type:INFO ] {:~  Individuo{fitnessValue=0.0 productos= 1 --> [0] 2 --> [0] 3 --> [0] 4 --> [0] } ~:} 
[ 2012-10-28  com.frre.cemami.utils.DefaultLogguer Type:INFO ] {:~  Individuo{fitnessValue=0.0 productos= 1 --> [0] 2 --> [0] 3 --> [0] 4 --> [0] } ~:} 
[ 2012-10-28  com.frre.cemami.utils.DefaultLogguer Type:INFO ] {:~  className:org.jdesktop.application.Application.NoApplication App started ~:} 
[ 2012-10-28  com.frre.cemami.utils.DefaultLogguer Type:ERROR ] {:~  className:iapractica.views.MainPanelView No agresgaste materia prima para comenzar con la simulacion ~:} 
[ 2012-10-28  com.frre.cemami.utils.DefaultLogguer Type:ERROR ] {:~  className:iapractica.views.MainPanelView Valores Agregados con exito ~:} 
[ 2012-10-28  com.frre.cemami.utils.DefaultLogguer Type:INFO ] {:~  Max of 0 0 ~:} 
[ 2012-10-28  com.frre.cemami.utils.DefaultLogguer Type:INFO ] {:~  Max of 1 0 ~:} 
[ 2012-10-28  com.frre.cemami.utils.DefaultLogguer Type:INFO ] {:~  Max of 2 0 ~:} 
[ 2012-10-28  com.frre.cemami.utils.DefaultLogguer Type:INFO ] {:~  Max of 3 0 ~:} 
[ 2012-10-28  com.frre.cemami.utils.DefaultLogguer Type:INFO ] {:~   Starting Simulation  ~:} 
[ 2012-10-28  com.frre.cemami.utils.DefaultLogguer Type:INFO ] {:~  Max Age 327 ~:} 
[ 2012-10-28  com.frre.cemami.utils.DefaultLogguer Type:INFO ] {:~  CurrentPopulation 849 ~:} 
[ 2012-10-28  com.frre.cemami.utils.DefaultLogguer Type:INFO ] {:~  className:org.jdesktop.application.Application.NoApplication App started ~:} 
[ 2012-10-28  com.frre.cemami.utils.DefaultLogguer Type:ERROR ] {:~  className:iapractica.views.MainPanelView Valores Agregados con exito ~:} 
[ 2012-10-28  com.frre.cemami.utils.DefaultLogguer Type:INFO ] {:~  Max of 0 0 ~:} 
[ 2012-10-28  com.frre.cemami.utils.DefaultLogguer Type:INFO ] {:~  Max of 1 0 ~:} 
[ 2012-10-28  com.frre.cemami.utils.DefaultLogguer Type:INFO ] {:~  Max of 2 4 ~:} 
[ 2012-10-28  com.frre.cemami.utils.DefaultLogguer Type:INFO ] {:~  Max of 3 0 ~:} 
[ 2012-10-28  com.frre.cemami.utils.DefaultLogguer Type:INFO ] {:~   Starting Simulation  ~:} 
[ 2012-10-28  com.frre.cemami.utils.DefaultLogguer Type:INFO ] {:~  Max Age 670 ~:} 
[ 2012-10-28  com.frre.cemami.utils.DefaultLogguer Type:INFO ] {:~  CurrentPopulation 588 ~:} 
[ 2012-10-28  com.frre.cemami.utils.DefaultLogguer Type:INFO ] {:~  className:org.jdesktop.application.Application.NoApplication App started ~:} 
[ 2012-10-28  com.frre.cemami.utils.DefaultLogguer Type:ERROR ] {:~  className:iapractica.views.MainPanelView Valores Agregados con exito ~:} 
[ 2012-10-28  com.frre.cemami.utils.DefaultLogguer Type:INFO ] {:~  Max of 0 0 ~:} 
[ 2012-10-28  com.frre.cemami.utils.DefaultLogguer Type:INFO ] {:~  Max of 1 0 ~:} 
[ 2012-10-28  com.frre.cemami.utils.DefaultLogguer Type:INFO ] {:~  Max of 2 7 ~:} 
[ 2012-10-28  com.frre.cemami.utils.DefaultLogguer Type:INFO ] {:~  Max of 3 0 ~:} 
[ 2012-10-28  com.frre.cemami.utils.DefaultLogguer Type:INFO ] {:~   Starting Simulation  ~:} 
[ 2012-10-28  com.frre.cemami.utils.DefaultLogguer Type:INFO ] {:~  Max Age 660 ~:} 
[ 2012-10-28  com.frre.cemami.utils.DefaultLogguer Type:INFO ] {:~  CurrentPopulation 100 ~:} 
[ 2012-10-28  com.frre.cemami.utils.DefaultLogguer Type:INFO ] {:~  className:org.jdesktop.application.Application.NoApplication App started ~:} 
[ 2012-10-28  com.frre.cemami.utils.DefaultLogguer Type:ERROR ] {:~  className:iapractica.views.MainPanelView Valores Agregados con exito ~:} 
[ 2012-10-28  com.frre.cemami.utils.DefaultLogguer Type:INFO ] {:~  className:org.jdesktop.application.Application.NoApplication App started ~:} 
[ 2012-10-28  com.frre.cemami.utils.DefaultLogguer Type:INFO ] {:~  className:org.jdesktop.application.Application.NoApplication App started ~:} 
[ 2012-10-28  com.frre.cemami.utils.DefaultLogguer Type:ERROR ] {:~  className:iapractica.views.MainPanelView Valores Agregados con exito ~:} 
[ 2012-10-28  com.frre.cemami.utils.DefaultLogguer Type:INFO ] {:~  className:org.jdesktop.application.Application.NoApplication App started ~:} 
[ 2012-10-28  com.frre.cemami.utils.DefaultLogguer Type:INFO ] {:~  className:org.jdesktop.application.Application.NoApplication App started ~:} 
[ 2012-10-28  com.frre.cemami.utils.DefaultLogguer Type:INFO ] {:~  className:org.jdesktop.application.Application.NoApplication App started ~:} 
[ 2012-10-28  com.frre.cemami.utils.DefaultLogguer Type:INFO ] {:~  className:org.jdesktop.application.Application.NoApplication App started ~:} 
[ 2012-10-28  com.frre.cemami.utils.DefaultLogguer Type:INFO ] {:~  className:org.jdesktop.application.Application.NoApplication App started ~:} 
[ 2012-10-28  com.frre.cemami.utils.DefaultLogguer Type:ERROR ] {:~  className:iapractica.views.MainPanelView Valores Agregados con exito ~:} 
[ 2012-10-28  com.frre.cemami.utils.DefaultLogguer Type:INFO ] {:~  className:org.jdesktop.application.Application.NoApplication App started ~:} 
[ 2012-10-28  com.frre.cemami.utils.DefaultLogguer Type:ERROR ] {:~  className:iapractica.views.MainPanelView Valores Agregados con exito ~:} 
[ 2012-10-28  com.frre.cemami.utils.DefaultLogguer Type:INFO ] {:~  Max of 0 0 ~:} 
[ 2012-10-28  com.frre.cemami.utils.DefaultLogguer Type:INFO ] {:~  Max of 1 1 ~:} 
[ 2012-10-28  com.frre.cemami.utils.DefaultLogguer Type:INFO ] {:~  Max of 2 0 ~:} 
[ 2012-10-28  com.frre.cemami.utils.DefaultLogguer Type:INFO ] {:~  Max of 3 0 ~:} 
[ 2012-10-28  com.frre.cemami.utils.DefaultLogguer Type:INFO ] {:~   Starting Simulation  ~:} 
[ 2012-10-28  com.frre.cemami.utils.DefaultLogguer Type:INFO ] {:~  Max Age 811 ~:} 
[ 2012-10-28  com.frre.cemami.utils.DefaultLogguer Type:INFO ] {:~  CurrentPopulation 176 ~:} 
[ 2012-10-28  com.frre.cemami.utils.DefaultLogguer Type:INFO ] {:~  className:org.jdesktop.application.Application.NoApplication App started ~:} 
[ 2012-10-28  com.frre.cemami.utils.DefaultLogguer Type:ERROR ] {:~  className:iapractica.views.MainPanelView Valores Agregados con exito ~:} 
[ 2012-10-28  com.frre.cemami.utils.DefaultLogguer Type:INFO ] {:~  Max of 0 1 ~:} 
[ 2012-10-28  com.frre.cemami.utils.DefaultLogguer Type:INFO ] {:~  Max of 1 1 ~:} 
[ 2012-10-28  com.frre.cemami.utils.DefaultLogguer Type:INFO ] {:~  Max of 2 1 ~:} 
[ 2012-10-28  com.frre.cemami.utils.DefaultLogguer Type:INFO ] {:~  Max of 3 1 ~:} 
[ 2012-10-28  com.frre.cemami.utils.DefaultLogguer Type:INFO ] {:~  className:org.jdesktop.application.Application.NoApplication App started ~:} 
[ 2012-10-28  com.frre.cemami.utils.DefaultLogguer Type:INFO ] {:~  className:org.jdesktop.application.Application.NoApplication App started ~:} 
[ 2012-10-28  com.frre.cemami.utils.DefaultLogguer Type:INFO ] {:~  className:org.jdesktop.application.Application.NoApplication App started ~:} 
[ 2012-10-28  com.frre.cemami.utils.DefaultLogguer Type:ERROR ] {:~  className:iapractica.views.MainPanelView Valores Agregados con exito ~:} 
[ 2012-10-28  com.frre.cemami.utils.DefaultLogguer Type:INFO ] {:~  Max of 0 111 ~:} 
[ 2012-10-28  com.frre.cemami.utils.DefaultLogguer Type:INFO ] {:~  Max of 1 121 ~:} 
[ 2012-10-28  com.frre.cemami.utils.DefaultLogguer Type:INFO ] {:~  Max of 2 98 ~:} 
[ 2012-10-28  com.frre.cemami.utils.DefaultLogguer Type:INFO ] {:~  Max of 3 103 ~:} 
[ 2012-10-28  com.frre.cemami.utils.DefaultLogguer Type:INFO ] {:~   Starting Simulation  ~:} 
[ 2012-10-28  com.frre.cemami.utils.DefaultLogguer Type:INFO ] {:~  Max Age 491 ~:} 
[ 2012-10-28  com.frre.cemami.utils.DefaultLogguer Type:INFO ] {:~  CurrentPopulation 102 ~:} 
[ 2012-10-28  com.frre.cemami.utils.DefaultLogguer Type:INFO ] {:~  className:org.jdesktop.application.Application.NoApplication App started ~:} 
[ 2012-10-28  com.frre.cemami.utils.DefaultLogguer Type:INFO ] {:~  className:org.jdesktop.application.Application.NoApplication App started ~:} 
[ 2012-10-28  com.frre.cemami.utils.DefaultLogguer Type:INFO ] {:~  Individuo{fitnessValue=34105.0 productos= 1 --> [12] 2 --> [4] 3 --> [81] 4 --> [6] } ~:} 
[ 2012-10-28  com.frre.cemami.utils.DefaultLogguer Type:INFO ] {:~  Individuo{fitnessValue=33905.0 productos= 1 --> [4] 2 --> [12] 3 --> [81] 4 --> [6] } ~:} 
[ 2012-10-28  com.frre.cemami.utils.DefaultLogguer Type:INFO ] {:~  Individuo{fitnessValue=33905.0 productos= 1 --> [4] 2 --> [12] 3 --> [81] 4 --> [6] } ~:} 
[ 2012-10-28  com.frre.cemami.utils.DefaultLogguer Type:INFO ] {:~  Individuo{fitnessValue=33905.0 productos= 1 --> [4] 2 --> [12] 3 --> [81] 4 --> [6] } ~:} 
[ 2012-10-28  com.frre.cemami.utils.DefaultLogguer Type:INFO ] {:~  Individuo{fitnessValue=43145.0 productos= 1 --> [4] 2 --> [12] 3 --> [4] 4 --> [6] } ~:} 
[ 2012-10-28  com.frre.cemami.utils.DefaultLogguer Type:ERROR ] {:~  className:iapractica.views.MainPanelView Valores Agregados con exito ~:} 
[ 2012-10-28  com.frre.cemami.utils.DefaultLogguer Type:INFO ] {:~  Max of 0 108 ~:} 
[ 2012-10-28  com.frre.cemami.utils.DefaultLogguer Type:INFO ] {:~  Max of 1 120 ~:} 
[ 2012-10-28  com.frre.cemami.utils.DefaultLogguer Type:INFO ] {:~  Max of 2 106 ~:} 
[ 2012-10-28  com.frre.cemami.utils.DefaultLogguer Type:INFO ] {:~  Max of 3 101 ~:} 
[ 2012-10-28  com.frre.cemami.utils.DefaultLogguer Type:INFO ] {:~   Starting Simulation  ~:} 
[ 2012-10-28  com.frre.cemami.utils.DefaultLogguer Type:INFO ] {:~  Max Age 458 ~:} 
[ 2012-10-28  com.frre.cemami.utils.DefaultLogguer Type:INFO ] {:~  CurrentPopulation 523 ~:} 
[ 2012-10-28  com.frre.cemami.utils.DefaultLogguer Type:INFO ] {:~  className:org.jdesktop.application.Application.NoApplication App started ~:} 
[ 2012-10-28  com.frre.cemami.utils.DefaultLogguer Type:ERROR ] {:~  className:iapractica.views.MainPanelView Valores Agregados con exito ~:} 
[ 2012-10-28  com.frre.cemami.utils.DefaultLogguer Type:INFO ] {:~  Max of 0 2 ~:} 
[ 2012-10-28  com.frre.cemami.utils.DefaultLogguer Type:INFO ] {:~  Max of 1 3 ~:} 
[ 2012-10-28  com.frre.cemami.utils.DefaultLogguer Type:INFO ] {:~  Max of 2 2 ~:} 
[ 2012-10-28  com.frre.cemami.utils.DefaultLogguer Type:INFO ] {:~  Max of 3 4 ~:} 
[ 2012-10-28  com.frre.cemami.utils.DefaultLogguer Type:INFO ] {:~   Starting Simulation  ~:} 
[ 2012-10-28  com.frre.cemami.utils.DefaultLogguer Type:INFO ] {:~  Max Age 356 ~:} 
[ 2012-10-28  com.frre.cemami.utils.DefaultLogguer Type:INFO ] {:~  CurrentPopulation 128 ~:} 
[ 2012-10-28  com.frre.cemami.utils.DefaultLogguer Type:INFO ] {:~  Individuo{fitnessValue=690.0 productos= 1 --> [0] 2 --> [1] 3 --> [3] 4 --> [0] } ~:} 
[ 2012-10-28  com.frre.cemami.utils.DefaultLogguer Type:INFO ] {:~  Individuo{fitnessValue=690.0 productos= 1 --> [0] 2 --> [1] 3 --> [3] 4 --> [0] } ~:} 
[ 2012-10-28  com.frre.cemami.utils.DefaultLogguer Type:INFO ] {:~  Individuo{fitnessValue=805.0 productos= 1 --> [0] 2 --> [0] 3 --> [3] 4 --> [0] } ~:} 
[ 2012-10-28  com.frre.cemami.utils.DefaultLogguer Type:INFO ] {:~  Individuo{fitnessValue=715.0 productos= 1 --> [1] 2 --> [0] 3 --> [3] 4 --> [0] } ~:} 
[ 2012-10-28  com.frre.cemami.utils.DefaultLogguer Type:INFO ] {:~  Individuo{fitnessValue=750.0 productos= 1 --> [0] 2 --> [1] 3 --> [0] 4 --> [3] } ~:} 
[ 2012-10-28  com.frre.cemami.utils.DefaultLogguer Type:INFO ] {:~  className:org.jdesktop.application.Application.NoApplication App started ~:} 
[ 2012-10-28  com.frre.cemami.utils.DefaultLogguer Type:ERROR ] {:~  className:iapractica.views.MainPanelView No agresgaste materia prima para comenzar con la simulacion ~:} 
[ 2012-10-28  com.frre.cemami.utils.DefaultLogguer Type:ERROR ] {:~  className:iapractica.views.MainPanelView No agresgaste materia prima para comenzar con la simulacion ~:} 
[ 2012-10-28  com.frre.cemami.utils.DefaultLogguer Type:ERROR ] {:~  className:iapractica.views.MainPanelView Valores Agregados con exito ~:} 
[ 2012-10-28  com.frre.cemami.utils.DefaultLogguer Type:INFO ] {:~  Max of 0 10 ~:} 
[ 2012-10-28  com.frre.cemami.utils.DefaultLogguer Type:INFO ] {:~  Max of 1 3 ~:} 
[ 2012-10-28  com.frre.cemami.utils.DefaultLogguer Type:INFO ] {:~  Max of 2 2 ~:} 
[ 2012-10-28  com.frre.cemami.utils.DefaultLogguer Type:INFO ] {:~  Max of 3 6 ~:} 
[ 2012-10-28  com.frre.cemami.utils.DefaultLogguer Type:INFO ] {:~   Starting Simulation  ~:} 
[ 2012-10-28  com.frre.cemami.utils.DefaultLogguer Type:INFO ] {:~  Max Age 33 ~:} 
[ 2012-10-28  com.frre.cemami.utils.DefaultLogguer Type:INFO ] {:~  CurrentPopulation 162 ~:} 
[ 2012-10-28  com.frre.cemami.utils.DefaultLogguer Type:INFO ] {:~  Individuo{fitnessValue=1365.0 productos= 1 --> [0] 2 --> [0] 3 --> [6] 4 --> [0] } ~:} 
[ 2012-10-28  com.frre.cemami.utils.DefaultLogguer Type:INFO ] {:~  Individuo{fitnessValue=1365.0 productos= 1 --> [0] 2 --> [0] 3 --> [6] 4 --> [0] } ~:} 
[ 2012-10-28  com.frre.cemami.utils.DefaultLogguer Type:INFO ] {:~  Individuo{fitnessValue=1365.0 productos= 1 --> [0] 2 --> [0] 3 --> [6] 4 --> [0] } ~:} 
[ 2012-10-28  com.frre.cemami.utils.DefaultLogguer Type:INFO ] {:~  Individuo{fitnessValue=1365.0 productos= 1 --> [0] 2 --> [0] 3 --> [6] 4 --> [0] } ~:} 
[ 2012-10-28  com.frre.cemami.utils.DefaultLogguer Type:INFO ] {:~  Individuo{fitnessValue=1365.0 productos= 1 --> [0] 2 --> [0] 3 --> [6] 4 --> [0] } ~:} 
[ 2012-10-28  com.frre.cemami.utils.DefaultLogguer Type:INFO ] {:~  className:org.jdesktop.application.Application.NoApplication App started ~:} 
[ 2012-10-28  com.frre.cemami.utils.DefaultLogguer Type:ERROR ] {:~  className:iapractica.views.MainPanelView Valores Agregados con exito ~:} 
[ 2012-10-28  com.frre.cemami.utils.DefaultLogguer Type:INFO ] {:~  Max of 0 7 ~:} 
[ 2012-10-28  com.frre.cemami.utils.DefaultLogguer Type:INFO ] {:~  Max of 1 4 ~:} 
[ 2012-10-28  com.frre.cemami.utils.DefaultLogguer Type:INFO ] {:~  Max of 2 3 ~:} 
[ 2012-10-28  com.frre.cemami.utils.DefaultLogguer Type:INFO ] {:~  Max of 3 7 ~:} 
[ 2012-10-28  com.frre.cemami.utils.DefaultLogguer Type:INFO ] {:~   Starting Simulation  ~:} 
[ 2012-10-28  com.frre.cemami.utils.DefaultLogguer Type:INFO ] {:~  Max Age 789 ~:} 
[ 2012-10-28  com.frre.cemami.utils.DefaultLogguer Type:INFO ] {:~  CurrentPopulation 27 ~:} 
[ 2012-10-28  com.frre.cemami.utils.DefaultLogguer Type:INFO ] {:~  className:org.jdesktop.application.Application.NoApplication App started ~:} 
[ 2012-10-28  com.frre.cemami.utils.DefaultLogguer Type:ERROR ] {:~  className:iapractica.views.MainPanelView Valores Agregados con exito ~:} 
[ 2012-10-28  com.frre.cemami.utils.DefaultLogguer Type:INFO ] {:~  Max of 0 4 ~:} 
[ 2012-10-28  com.frre.cemami.utils.DefaultLogguer Type:INFO ] {:~  Max of 1 1 ~:} 
[ 2012-10-28  com.frre.cemami.utils.DefaultLogguer Type:INFO ] {:~  Max of 2 1 ~:} 
[ 2012-10-28  com.frre.cemami.utils.DefaultLogguer Type:INFO ] {:~  Max of 3 2 ~:} 
[ 2012-10-28  com.frre.cemami.utils.DefaultLogguer Type:INFO ] {:~   Starting Simulation  ~:} 
[ 2012-10-28  com.frre.cemami.utils.DefaultLogguer Type:INFO ] {:~  Max Age 917 ~:} 
[ 2012-10-28  com.frre.cemami.utils.DefaultLogguer Type:INFO ] {:~  CurrentPopulation 120 ~:} 
[ 2012-10-28  com.frre.cemami.utils.DefaultLogguer Type:INFO ] {:~  Individuo{fitnessValue=560.0 productos= 1 --> [0] 2 --> [1] 3 --> [1] 4 --> [0] } ~:} 
[ 2012-10-28  com.frre.cemami.utils.DefaultLogguer Type:INFO ] {:~  Individuo{fitnessValue=590.0 productos= 1 --> [1] 2 --> [1] 3 --> [0] 4 --> [0] } ~:} 
[ 2012-10-28  com.frre.cemami.utils.DefaultLogguer Type:INFO ] {:~  Individuo{fitnessValue=560.0 productos= 1 --> [0] 2 --> [1] 3 --> [1] 4 --> [0] } ~:} 
[ 2012-10-28  com.frre.cemami.utils.DefaultLogguer Type:INFO ] {:~  Individuo{fitnessValue=560.0 productos= 1 --> [0] 2 --> [1] 3 --> [1] 4 --> [0] } ~:} 
[ 2012-10-28  com.frre.cemami.utils.DefaultLogguer Type:INFO ] {:~  Individuo{fitnessValue=560.0 productos= 1 --> [0] 2 --> [1] 3 --> [1] 4 --> [0] } ~:} 
[ 2012-10-28  com.frre.cemami.utils.DefaultLogguer Type:INFO ] {:~  className:org.jdesktop.application.Application.NoApplication App started ~:} 
[ 2012-10-28  com.frre.cemami.utils.DefaultLogguer Type:ERROR ] {:~  className:iapractica.views.MainPanelView Valores Agregados con exito ~:} 
[ 2012-10-28  com.frre.cemami.utils.DefaultLogguer Type:INFO ] {:~  Max of 0 0 ~:} 
[ 2012-10-28  com.frre.cemami.utils.DefaultLogguer Type:INFO ] {:~  Max of 1 1 ~:} 
[ 2012-10-28  com.frre.cemami.utils.DefaultLogguer Type:INFO ] {:~  Max of 2 0 ~:} 
[ 2012-10-28  com.frre.cemami.utils.DefaultLogguer Type:INFO ] {:~  Max of 3 0 ~:} 
[ 2012-10-28  com.frre.cemami.utils.DefaultLogguer Type:INFO ] {:~   Starting Simulation  ~:} 
[ 2012-10-28  com.frre.cemami.utils.DefaultLogguer Type:INFO ] {:~  Max Age 1177 ~:} 
[ 2012-10-28  com.frre.cemami.utils.DefaultLogguer Type:INFO ] {:~  CurrentPopulation 91 ~:} 
[ 2012-10-28  com.frre.cemami.utils.DefaultLogguer Type:ERROR ] {:~  className:genetics.individuos.Poblacion sleep interrupted Stack:  ~:} 
[ 2012-10-28  com.frre.cemami.utils.DefaultLogguer Type:ERROR ] {:~ java.lang.Thread.sleep(Native Method) ~:} 
[ 2012-10-28  com.frre.cemami.utils.DefaultLogguer Type:ERROR ] {:~ genetics.individuos.Poblacion.run(Poblacion.java:134) ~:} 
[ 2012-10-28  com.frre.cemami.utils.DefaultLogguer Type:INFO ] {:~  className:org.jdesktop.application.Application.NoApplication App started ~:} 
[ 2012-10-28  com.frre.cemami.utils.DefaultLogguer Type:ERROR ] {:~  className:iapractica.views.MainPanelView Valores Agregados con exito ~:} 
[ 2012-10-28  com.frre.cemami.utils.DefaultLogguer Type:INFO ] {:~  Max of 0 1239 ~:} 
[ 2012-10-28  com.frre.cemami.utils.DefaultLogguer Type:INFO ] {:~  Max of 1 142 ~:} 
[ 2012-10-28  com.frre.cemami.utils.DefaultLogguer Type:INFO ] {:~  Max of 2 1181 ~:} 
[ 2012-10-28  com.frre.cemami.utils.DefaultLogguer Type:INFO ] {:~  Max of 3 192 ~:} 
[ 2012-10-28  com.frre.cemami.utils.DefaultLogguer Type:INFO ] {:~   Starting Simulation  ~:} 
[ 2012-10-28  com.frre.cemami.utils.DefaultLogguer Type:INFO ] {:~  Max Age 8222 ~:} 
[ 2012-10-28  com.frre.cemami.utils.DefaultLogguer Type:INFO ] {:~  CurrentPopulation 619 ~:} 
[ 2012-10-28  com.frre.cemami.utils.DefaultLogguer Type:ERROR ] {:~  className:genetics.individuos.Poblacion sleep interrupted Stack:  ~:} 
[ 2012-10-28  com.frre.cemami.utils.DefaultLogguer Type:ERROR ] {:~ java.lang.Thread.sleep(Native Method) ~:} 
[ 2012-10-28  com.frre.cemami.utils.DefaultLogguer Type:ERROR ] {:~ genetics.individuos.Poblacion.run(Poblacion.java:134) ~:} 
[ 2012-10-28  com.frre.cemami.utils.DefaultLogguer Type:INFO ] {:~  className:org.jdesktop.application.Application.NoApplication App started ~:} 
[ 2012-10-28  com.frre.cemami.utils.DefaultLogguer Type:ERROR ] {:~  className:iapractica.views.MainPanelView Valores Agregados con exito ~:} 
[ 2012-10-28  com.frre.cemami.utils.DefaultLogguer Type:INFO ] {:~  Max of 0 6 ~:} 
[ 2012-10-28  com.frre.cemami.utils.DefaultLogguer Type:INFO ] {:~  Max of 1 7 ~:} 
[ 2012-10-28  com.frre.cemami.utils.DefaultLogguer Type:INFO ] {:~  Max of 2 4 ~:} 
[ 2012-10-28  com.frre.cemami.utils.DefaultLogguer Type:INFO ] {:~  Max of 3 10 ~:} 
[ 2012-10-28  com.frre.cemami.utils.DefaultLogguer Type:INFO ] {:~   Starting Simulation  ~:} 
[ 2012-10-28  com.frre.cemami.utils.DefaultLogguer Type:INFO ] {:~  Max Age 777 ~:} 
[ 2012-10-28  com.frre.cemami.utils.DefaultLogguer Type:INFO ] {:~  CurrentPopulation 388 ~:} 
[ 2012-10-28  com.frre.cemami.utils.DefaultLogguer Type:INFO ] {:~  Individuo{fitnessValue=1630.0 productos= 1 --> [0] 2 --> [1] 3 --> [9] 4 --> [0] } ~:} 
[ 2012-10-28  com.frre.cemami.utils.DefaultLogguer Type:INFO ] {:~  Individuo{fitnessValue=1630.0 productos= 1 --> [0] 2 --> [1] 3 --> [9] 4 --> [0] } ~:} 
[ 2012-10-28  com.frre.cemami.utils.DefaultLogguer Type:INFO ] {:~  Individuo{fitnessValue=1630.0 productos= 1 --> [0] 2 --> [1] 3 --> [9] 4 --> [0] } ~:} 
[ 2012-10-28  com.frre.cemami.utils.DefaultLogguer Type:INFO ] {:~  Individuo{fitnessValue=1630.0 productos= 1 --> [0] 2 --> [1] 3 --> [9] 4 --> [0] } ~:} 
[ 2012-10-28  com.frre.cemami.utils.DefaultLogguer Type:INFO ] {:~  Individuo{fitnessValue=1630.0 productos= 1 --> [0] 2 --> [1] 3 --> [9] 4 --> [0] } ~:} 
[ 2012-10-29  com.frre.cemami.utils.DefaultLogguer Type:INFO ] {:~  className:org.jdesktop.application.Application.NoApplication App started ~:} 
[ 2012-10-29  com.frre.cemami.utils.DefaultLogguer Type:ERROR ] {:~  className:iapractica.views.MainPanelView Valores Agregados con exito ~:} 
[ 2012-10-29  com.frre.cemami.utils.DefaultLogguer Type:INFO ] {:~  Max of 0 3 ~:} 
[ 2012-10-29  com.frre.cemami.utils.DefaultLogguer Type:INFO ] {:~  Max of 1 6 ~:} 
[ 2012-10-29  com.frre.cemami.utils.DefaultLogguer Type:INFO ] {:~  Max of 2 3 ~:} 
[ 2012-10-29  com.frre.cemami.utils.DefaultLogguer Type:INFO ] {:~  Max of 3 2 ~:} 
[ 2012-10-29  com.frre.cemami.utils.DefaultLogguer Type:INFO ] {:~   Starting Simulation  ~:} 
[ 2012-10-29  com.frre.cemami.utils.DefaultLogguer Type:INFO ] {:~  Max Age 676 ~:} 
[ 2012-10-29  com.frre.cemami.utils.DefaultLogguer Type:INFO ] {:~  CurrentPopulation 560 ~:} 
[ 2012-10-29  com.frre.cemami.utils.DefaultLogguer Type:ERROR ] {:~  className:genetics.individuos.Poblacion sleep interrupted Stack:  ~:} 
[ 2012-10-29  com.frre.cemami.utils.DefaultLogguer Type:ERROR ] {:~ java.lang.Thread.sleep(Native Method) ~:} 
[ 2012-10-29  com.frre.cemami.utils.DefaultLogguer Type:ERROR ] {:~ genetics.individuos.Poblacion.run(Poblacion.java:134) ~:} 
[ 2012-10-29  com.frre.cemami.utils.DefaultLogguer Type:INFO ] {:~  className:org.jdesktop.application.Application.NoApplication App started ~:} 
[ 2012-10-29  com.frre.cemami.utils.DefaultLogguer Type:ERROR ] {:~  className:iapractica.views.MainPanelView Valores Agregados con exito ~:} 
[ 2012-10-29  com.frre.cemami.utils.DefaultLogguer Type:INFO ] {:~  Max of 0 6 ~:} 
[ 2012-10-29  com.frre.cemami.utils.DefaultLogguer Type:INFO ] {:~  Max of 1 0 ~:} 
[ 2012-10-29  com.frre.cemami.utils.DefaultLogguer Type:INFO ] {:~  Max of 2 0 ~:} 
[ 2012-10-29  com.frre.cemami.utils.DefaultLogguer Type:INFO ] {:~  Max of 3 5 ~:} 
[ 2012-10-29  com.frre.cemami.utils.DefaultLogguer Type:INFO ] {:~   Starting Simulation  ~:} 
[ 2012-10-29  com.frre.cemami.utils.DefaultLogguer Type:INFO ] {:~  Max Age 197 ~:} 
[ 2012-10-29  com.frre.cemami.utils.DefaultLogguer Type:INFO ] {:~  CurrentPopulation 133 ~:} 
[ 2012-10-29  com.frre.cemami.utils.DefaultLogguer Type:INFO ] {:~  Individuo{fitnessValue=440.0 productos= 1 --> [0] 2 --> [0] 3 --> [5] 4 --> [0] } ~:} 
[ 2012-10-29  com.frre.cemami.utils.DefaultLogguer Type:INFO ] {:~  Individuo{fitnessValue=440.0 productos= 1 --> [0] 2 --> [0] 3 --> [5] 4 --> [0] } ~:} 
[ 2012-10-29  com.frre.cemami.utils.DefaultLogguer Type:INFO ] {:~  Individuo{fitnessValue=590.0 productos= 1 --> [5] 2 --> [0] 3 --> [0] 4 --> [0] } ~:} 
[ 2012-10-29  com.frre.cemami.utils.DefaultLogguer Type:INFO ] {:~  Individuo{fitnessValue=465.0 productos= 1 --> [0] 2 --> [5] 3 --> [0] 4 --> [0] } ~:} 
[ 2012-10-29  com.frre.cemami.utils.DefaultLogguer Type:INFO ] {:~  Individuo{fitnessValue=440.0 productos= 1 --> [0] 2 --> [0] 3 --> [5] 4 --> [0] } ~:} 
[ 2012-10-29  com.frre.cemami.utils.DefaultLogguer Type:INFO ] {:~  className:org.jdesktop.application.Application.NoApplication App started ~:} 
[ 2012-10-29  com.frre.cemami.utils.DefaultLogguer Type:ERROR ] {:~  className:iapractica.views.MainPanelView Valores Agregados con exito ~:} 
[ 2012-10-29  com.frre.cemami.utils.DefaultLogguer Type:INFO ] {:~  Max of 0 4 ~:} 
[ 2012-10-29  com.frre.cemami.utils.DefaultLogguer Type:INFO ] {:~  Max of 1 1 ~:} 
[ 2012-10-29  com.frre.cemami.utils.DefaultLogguer Type:INFO ] {:~  Max of 2 1 ~:} 
[ 2012-10-29  com.frre.cemami.utils.DefaultLogguer Type:INFO ] {:~  Max of 3 3 ~:} 
[ 2012-10-29  com.frre.cemami.utils.DefaultLogguer Type:INFO ] {:~   Starting Simulation  ~:} 
[ 2012-10-29  com.frre.cemami.utils.DefaultLogguer Type:INFO ] {:~  Max Age 321 ~:} 
[ 2012-10-29  com.frre.cemami.utils.DefaultLogguer Type:INFO ] {:~  CurrentPopulation 778 ~:} 
[ 2012-10-29  com.frre.cemami.utils.DefaultLogguer Type:ERROR ] {:~  className:genetics.individuos.Poblacion sleep interrupted Stack:  ~:} 
[ 2012-10-29  com.frre.cemami.utils.DefaultLogguer Type:ERROR ] {:~ java.lang.Thread.sleep(Native Method) ~:} 
[ 2012-10-29  com.frre.cemami.utils.DefaultLogguer Type:ERROR ] {:~ genetics.individuos.Poblacion.run(Poblacion.java:134) ~:} 
[ 2012-10-29  com.frre.cemami.utils.DefaultLogguer Type:ERROR ] {:~  className:java.lang.Class String index out of range: 6 ~:} 
[ 2012-10-29  com.frre.cemami.utils.DefaultLogguer Type:INFO ] {:~  className:org.jdesktop.application.Application.NoApplication App started ~:} 
[ 2012-10-29  com.frre.cemami.utils.DefaultLogguer Type:ERROR ] {:~  className:iapractica.views.MainPanelView Valores Agregados con exito ~:} 
[ 2012-10-29  com.frre.cemami.utils.DefaultLogguer Type:INFO ] {:~  Max of 0 1 ~:} 
[ 2012-10-29  com.frre.cemami.utils.DefaultLogguer Type:INFO ] {:~  Max of 1 4 ~:} 
[ 2012-10-29  com.frre.cemami.utils.DefaultLogguer Type:INFO ] {:~  Max of 2 3 ~:} 
[ 2012-10-29  com.frre.cemami.utils.DefaultLogguer Type:INFO ] {:~  Max of 3 2 ~:} 
[ 2012-10-29  com.frre.cemami.utils.DefaultLogguer Type:INFO ] {:~   Starting Simulation  ~:} 
[ 2012-10-29  com.frre.cemami.utils.DefaultLogguer Type:INFO ] {:~  Max Age 747 ~:} 
[ 2012-10-29  com.frre.cemami.utils.DefaultLogguer Type:INFO ] {:~  CurrentPopulation 456 ~:} 
[ 2012-10-29  com.frre.cemami.utils.DefaultLogguer Type:INFO ] {:~  Individuo{fitnessValue=870.0 productos= 1 --> [0] 2 --> [0] 3 --> [2] 4 --> [0] } ~:} 
[ 2012-10-29  com.frre.cemami.utils.DefaultLogguer Type:INFO ] {:~  Individuo{fitnessValue=870.0 productos= 1 --> [0] 2 --> [0] 3 --> [2] 4 --> [0] } ~:} 
[ 2012-10-29  com.frre.cemami.utils.DefaultLogguer Type:INFO ] {:~  Individuo{fitnessValue=870.0 productos= 1 --> [0] 2 --> [0] 3 --> [2] 4 --> [0] } ~:} 
[ 2012-10-29  com.frre.cemami.utils.DefaultLogguer Type:INFO ] {:~  Individuo{fitnessValue=870.0 productos= 1 --> [0] 2 --> [0] 3 --> [2] 4 --> [0] } ~:} 
[ 2012-10-29  com.frre.cemami.utils.DefaultLogguer Type:INFO ] {:~  Individuo{fitnessValue=870.0 productos= 1 --> [0] 2 --> [0] 3 --> [2] 4 --> [0] } ~:} 
[ 2012-10-29  com.frre.cemami.utils.DefaultLogguer Type:ERROR ] {:~  className:iapractica.views.MainPanelView Valores Agregados con exito ~:} 
[ 2012-10-29  com.frre.cemami.utils.DefaultLogguer Type:INFO ] {:~  className:org.jdesktop.application.Application.NoApplication App started ~:} 
[ 2012-10-29  com.frre.cemami.utils.DefaultLogguer Type:ERROR ] {:~  className:iapractica.views.MainPanelView Valores Agregados con exito ~:} 
[ 2012-10-29  com.frre.cemami.utils.DefaultLogguer Type:INFO ] {:~  Max of 0 1 ~:} 
[ 2012-10-29  com.frre.cemami.utils.DefaultLogguer Type:INFO ] {:~  Max of 1 5 ~:} 
[ 2012-10-29  com.frre.cemami.utils.DefaultLogguer Type:INFO ] {:~  Max of 2 10 ~:} 
[ 2012-10-29  com.frre.cemami.utils.DefaultLogguer Type:INFO ] {:~  Max of 3 2 ~:} 
[ 2012-10-29  com.frre.cemami.utils.DefaultLogguer Type:INFO ] {:~   Starting Simulation  ~:} 
[ 2012-10-29  com.frre.cemami.utils.DefaultLogguer Type:INFO ] {:~  Max Age 193 ~:} 
[ 2012-10-29  com.frre.cemami.utils.DefaultLogguer Type:INFO ] {:~  CurrentPopulation 535 ~:} 
[ 2012-10-29  com.frre.cemami.utils.DefaultLogguer Type:INFO ] {:~  Individuo{fitnessValue=1865.0 productos= 1 --> [0] 2 --> [0] 3 --> [0] 4 --> [2] } ~:} 
[ 2012-10-29  com.frre.cemami.utils.DefaultLogguer Type:INFO ] {:~  Individuo{fitnessValue=1825.0 productos= 1 --> [0] 2 --> [0] 3 --> [2] 4 --> [0] } ~:} 
[ 2012-10-29  com.frre.cemami.utils.DefaultLogguer Type:INFO ] {:~  Individuo{fitnessValue=1825.0 productos= 1 --> [0] 2 --> [0] 3 --> [2] 4 --> [0] } ~:} 
[ 2012-10-29  com.frre.cemami.utils.DefaultLogguer Type:INFO ] {:~  Individuo{fitnessValue=1825.0 productos= 1 --> [0] 2 --> [0] 3 --> [2] 4 --> [0] } ~:} 
[ 2012-10-29  com.frre.cemami.utils.DefaultLogguer Type:INFO ] {:~  Individuo{fitnessValue=1835.0 productos= 1 --> [0] 2 --> [2] 3 --> [0] 4 --> [0] } ~:} 
[ 2012-10-29  com.frre.cemami.utils.DefaultLogguer Type:INFO ] {:~  className:org.jdesktop.application.Application.NoApplication App started ~:} 
[ 2012-10-29  com.frre.cemami.utils.DefaultLogguer Type:ERROR ] {:~  className:iapractica.views.MainPanelView Valores Agregados con exito ~:} 
[ 2012-10-29  com.frre.cemami.utils.DefaultLogguer Type:INFO ] {:~  Max of 0 1 ~:} 
[ 2012-10-29  com.frre.cemami.utils.DefaultLogguer Type:INFO ] {:~  Max of 1 15 ~:} 
[ 2012-10-29  com.frre.cemami.utils.DefaultLogguer Type:INFO ] {:~  Max of 2 4 ~:} 
[ 2012-10-29  com.frre.cemami.utils.DefaultLogguer Type:INFO ] {:~  Max of 3 1 ~:} 
[ 2012-10-29  com.frre.cemami.utils.DefaultLogguer Type:INFO ] {:~   Starting Simulation  ~:} 
[ 2012-10-29  com.frre.cemami.utils.DefaultLogguer Type:INFO ] {:~  Max Age 689 ~:} 
[ 2012-10-29  com.frre.cemami.utils.DefaultLogguer Type:INFO ] {:~  CurrentPopulation 309 ~:} 
[ 2012-10-29  com.frre.cemami.utils.DefaultLogguer Type:INFO ] {:~  Individuo{fitnessValue=2275.0 productos= 1 --> [0] 2 --> [0] 3 --> [1] 4 --> [0] } ~:} 
[ 2012-10-29  com.frre.cemami.utils.DefaultLogguer Type:INFO ] {:~  Individuo{fitnessValue=2395.0 productos= 1 --> [0] 2 --> [0] 3 --> [0] 4 --> [0] } ~:} 
[ 2012-10-29  com.frre.cemami.utils.DefaultLogguer Type:INFO ] {:~  Individuo{fitnessValue=2275.0 productos= 1 --> [0] 2 --> [0] 3 --> [1] 4 --> [0] } ~:} 
[ 2012-10-29  com.frre.cemami.utils.DefaultLogguer Type:INFO ] {:~  Individuo{fitnessValue=2280.0 productos= 1 --> [0] 2 --> [1] 3 --> [0] 4 --> [0] } ~:} 
[ 2012-10-29  com.frre.cemami.utils.DefaultLogguer Type:INFO ] {:~  Individuo{fitnessValue=2275.0 productos= 1 --> [0] 2 --> [0] 3 --> [1] 4 --> [0] } ~:} 
[ 2012-10-29  com.frre.cemami.utils.DefaultLogguer Type:INFO ] {:~  className:org.jdesktop.application.Application.NoApplication App started ~:} 
[ 2012-10-29  com.frre.cemami.utils.DefaultLogguer Type:INFO ] {:~  className:org.jdesktop.application.Application.NoApplication App started ~:} 
[ 2012-10-29  com.frre.cemami.utils.DefaultLogguer Type:INFO ] {:~  className:org.jdesktop.application.Application.NoApplication App started ~:} 
[ 2012-10-29  com.frre.cemami.utils.DefaultLogguer Type:INFO ] {:~  className:org.jdesktop.application.Application.NoApplication App started ~:} 
[ 2012-10-29  com.frre.cemami.utils.DefaultLogguer Type:INFO ] {:~  className:org.jdesktop.application.Application.NoApplication App started ~:} 
[ 2012-10-29  com.frre.cemami.utils.DefaultLogguer Type:INFO ] {:~  className:org.jdesktop.application.Application.NoApplication App started ~:} 
[ 2012-10-29  com.frre.cemami.utils.DefaultLogguer Type:INFO ] {:~  className:org.jdesktop.application.Application.NoApplication App started ~:} 
[ 2012-10-29  com.frre.cemami.utils.DefaultLogguer Type:INFO ] {:~  className:org.jdesktop.application.Application.NoApplication App started ~:} 
[ 2012-10-29  com.frre.cemami.utils.DefaultLogguer Type:ERROR ] {:~  className:iapractica.views.MainPanelView Valores Agregados con exito ~:} 
[ 2012-10-29  com.frre.cemami.utils.DefaultLogguer Type:INFO ] {:~  Max of 0 8 ~:} 
[ 2012-10-29  com.frre.cemami.utils.DefaultLogguer Type:INFO ] {:~  Max of 1 10 ~:} 
[ 2012-10-29  com.frre.cemami.utils.DefaultLogguer Type:INFO ] {:~  Max of 2 6 ~:} 
[ 2012-10-29  com.frre.cemami.utils.DefaultLogguer Type:INFO ] {:~  Max of 3 4 ~:} 
[ 2012-10-29  com.frre.cemami.utils.DefaultLogguer Type:INFO ] {:~   Starting Simulation  ~:} 
[ 2012-10-29  com.frre.cemami.utils.DefaultLogguer Type:INFO ] {:~  Max Age 409 ~:} 
[ 2012-10-29  com.frre.cemami.utils.DefaultLogguer Type:INFO ] {:~  CurrentPopulation 901 ~:} 
[ 2012-10-29  com.frre.cemami.utils.DefaultLogguer Type:ERROR ] {:~  className:genetics.individuos.Poblacion sleep interrupted Stack:  ~:} 
[ 2012-10-29  com.frre.cemami.utils.DefaultLogguer Type:ERROR ] {:~ java.lang.Thread.sleep(Native Method) ~:} 
[ 2012-10-29  com.frre.cemami.utils.DefaultLogguer Type:ERROR ] {:~ genetics.individuos.Poblacion.run(Poblacion.java:134) ~:} 
[ 2012-10-29  com.frre.cemami.utils.DefaultLogguer Type:INFO ] {:~  className:org.jdesktop.application.Application.NoApplication App started ~:} 
[ 2012-10-29  com.frre.cemami.utils.DefaultLogguer Type:ERROR ] {:~  className:iapractica.views.MainPanelView Valores Agregados con exito ~:} 
[ 2012-10-29  com.frre.cemami.utils.DefaultLogguer Type:INFO ] {:~  Max of 0 0 ~:} 
[ 2012-10-29  com.frre.cemami.utils.DefaultLogguer Type:INFO ] {:~  Max of 1 0 ~:} 
[ 2012-10-29  com.frre.cemami.utils.DefaultLogguer Type:INFO ] {:~  Max of 2 0 ~:} 
[ 2012-10-29  com.frre.cemami.utils.DefaultLogguer Type:INFO ] {:~  Max of 3 0 ~:} 
[ 2012-10-29  com.frre.cemami.utils.DefaultLogguer Type:INFO ] {:~   Starting Simulation  ~:} 
[ 2012-10-29  com.frre.cemami.utils.DefaultLogguer Type:INFO ] {:~  Max Age 359 ~:} 
[ 2012-10-29  com.frre.cemami.utils.DefaultLogguer Type:INFO ] {:~  CurrentPopulation 78 ~:} 
[ 2012-10-29  com.frre.cemami.utils.DefaultLogguer Type:ERROR ] {:~  className:genetics.individuos.Poblacion sleep interrupted Stack:  ~:} 
[ 2012-10-29  com.frre.cemami.utils.DefaultLogguer Type:ERROR ] {:~ java.lang.Thread.sleep(Native Method) ~:} 
[ 2012-10-29  com.frre.cemami.utils.DefaultLogguer Type:ERROR ] {:~ genetics.individuos.Poblacion.run(Poblacion.java:134) ~:} 
[ 2012-10-29  com.frre.cemami.utils.DefaultLogguer Type:INFO ] {:~  className:org.jdesktop.application.Application.NoApplication App started ~:} 
[ 2012-10-29  com.frre.cemami.utils.DefaultLogguer Type:ERROR ] {:~  className:iapractica.views.MainPanelView Valores Agregados con exito ~:} 
[ 2012-10-29  com.frre.cemami.utils.DefaultLogguer Type:INFO ] {:~  Max of 0 6 ~:} 
[ 2012-10-29  com.frre.cemami.utils.DefaultLogguer Type:INFO ] {:~  Max of 1 1 ~:} 
[ 2012-10-29  com.frre.cemami.utils.DefaultLogguer Type:INFO ] {:~  Max of 2 1 ~:} 
[ 2012-10-29  com.frre.cemami.utils.DefaultLogguer Type:INFO ] {:~  Max of 3 3 ~:} 
[ 2012-10-29  com.frre.cemami.utils.DefaultLogguer Type:INFO ] {:~   Starting Simulation  ~:} 
[ 2012-10-29  com.frre.cemami.utils.DefaultLogguer Type:INFO ] {:~  Max Age 799 ~:} 
[ 2012-10-29  com.frre.cemami.utils.DefaultLogguer Type:INFO ] {:~  CurrentPopulation 542 ~:} 
[ 2012-10-29  com.frre.cemami.utils.DefaultLogguer Type:INFO ] {:~  Individuo{fitnessValue=775.0 productos= 1 --> [0] 2 --> [0] 3 --> [0] 4 --> [3] } ~:} 
[ 2012-10-29  com.frre.cemami.utils.DefaultLogguer Type:INFO ] {:~  Individuo{fitnessValue=715.0 productos= 1 --> [0] 2 --> [0] 3 --> [3] 4 --> [0] } ~:} 
[ 2012-10-29  com.frre.cemami.utils.DefaultLogguer Type:INFO ] {:~  Individuo{fitnessValue=715.0 productos= 1 --> [0] 2 --> [0] 3 --> [3] 4 --> [0] } ~:} 
[ 2012-10-29  com.frre.cemami.utils.DefaultLogguer Type:INFO ] {:~  Individuo{fitnessValue=715.0 productos= 1 --> [0] 2 --> [0] 3 --> [3] 4 --> [0] } ~:} 
[ 2012-10-29  com.frre.cemami.utils.DefaultLogguer Type:INFO ] {:~  Individuo{fitnessValue=715.0 productos= 1 --> [0] 2 --> [0] 3 --> [3] 4 --> [0] } ~:} 
[ 2012-10-29  com.frre.cemami.utils.DefaultLogguer Type:INFO ] {:~  className:org.jdesktop.application.Application.NoApplication App started ~:} 
[ 2012-10-29  com.frre.cemami.utils.DefaultLogguer Type:ERROR ] {:~  className:iapractica.views.MainPanelView Valores Agregados con exito ~:} 
[ 2012-10-29  com.frre.cemami.utils.DefaultLogguer Type:INFO ] {:~  Max of 0 0 ~:} 
[ 2012-10-29  com.frre.cemami.utils.DefaultLogguer Type:INFO ] {:~  Max of 1 6 ~:} 
[ 2012-10-29  com.frre.cemami.utils.DefaultLogguer Type:INFO ] {:~  Max of 2 0 ~:} 
[ 2012-10-29  com.frre.cemami.utils.DefaultLogguer Type:INFO ] {:~  Max of 3 0 ~:} 
[ 2012-10-29  com.frre.cemami.utils.DefaultLogguer Type:INFO ] {:~   Starting Simulation  ~:} 
[ 2012-10-29  com.frre.cemami.utils.DefaultLogguer Type:INFO ] {:~  Max Age 852 ~:} 
[ 2012-10-29  com.frre.cemami.utils.DefaultLogguer Type:INFO ] {:~  CurrentPopulation 821 ~:} 
[ 2012-10-29  com.frre.cemami.utils.DefaultLogguer Type:ERROR ] {:~  className:genetics.individuos.Poblacion sleep interrupted Stack:  ~:} 
[ 2012-10-29  com.frre.cemami.utils.DefaultLogguer Type:ERROR ] {:~ java.lang.Thread.sleep(Native Method) ~:} 
[ 2012-10-29  com.frre.cemami.utils.DefaultLogguer Type:ERROR ] {:~ genetics.individuos.Poblacion.run(Poblacion.java:134) ~:} 
[ 2012-10-29  com.frre.cemami.utils.DefaultLogguer Type:INFO ] {:~  className:org.jdesktop.application.Application.NoApplication App started ~:} 
[ 2012-10-29  com.frre.cemami.utils.DefaultLogguer Type:ERROR ] {:~  className:iapractica.views.MainPanelView No agresgaste materia prima para comenzar con la simulacion ~:} 
[ 2012-10-29  com.frre.cemami.utils.DefaultLogguer Type:ERROR ] {:~  className:iapractica.views.MainPanelView Valores Agregados con exito ~:} 
[ 2012-10-29  com.frre.cemami.utils.DefaultLogguer Type:INFO ] {:~  Max of 0 5 ~:} 
[ 2012-10-29  com.frre.cemami.utils.DefaultLogguer Type:INFO ] {:~  Max of 1 7 ~:} 
[ 2012-10-29  com.frre.cemami.utils.DefaultLogguer Type:INFO ] {:~  Max of 2 4 ~:} 
[ 2012-10-29  com.frre.cemami.utils.DefaultLogguer Type:INFO ] {:~  Max of 3 5 ~:} 
[ 2012-10-29  com.frre.cemami.utils.DefaultLogguer Type:INFO ] {:~   Starting Simulation  ~:} 
[ 2012-10-29  com.frre.cemami.utils.DefaultLogguer Type:INFO ] {:~  Max Age 940 ~:} 
[ 2012-10-29  com.frre.cemami.utils.DefaultLogguer Type:INFO ] {:~  CurrentPopulation 576 ~:} 
[ 2012-10-29  com.frre.cemami.utils.DefaultLogguer Type:ERROR ] {:~  className:genetics.individuos.Poblacion sleep interrupted Stack:  ~:} 
[ 2012-10-29  com.frre.cemami.utils.DefaultLogguer Type:ERROR ] {:~ java.lang.Thread.sleep(Native Method) ~:} 
[ 2012-10-29  com.frre.cemami.utils.DefaultLogguer Type:ERROR ] {:~ genetics.individuos.Poblacion.run(Poblacion.java:134) ~:} 
[ 2012-10-29  com.frre.cemami.utils.DefaultLogguer Type:INFO ] {:~  className:org.jdesktop.application.Application.NoApplication App started ~:} 
[ 2012-10-29  com.frre.cemami.utils.DefaultLogguer Type:ERROR ] {:~  className:iapractica.views.MainPanelView Valores Agregados con exito ~:} 
[ 2012-10-29  com.frre.cemami.utils.DefaultLogguer Type:ERROR ] {:~  className:iapractica.views.MainPanelView Valores Agregados con exito ~:} 
[ 2012-10-29  com.frre.cemami.utils.DefaultLogguer Type:INFO ] {:~  Max of 0 8 ~:} 
[ 2012-10-29  com.frre.cemami.utils.DefaultLogguer Type:INFO ] {:~  Max of 1 3 ~:} 
[ 2012-10-29  com.frre.cemami.utils.DefaultLogguer Type:INFO ] {:~  Max of 2 2 ~:} 
[ 2012-10-29  com.frre.cemami.utils.DefaultLogguer Type:INFO ] {:~  Max of 3 6 ~:} 
[ 2012-10-29  com.frre.cemami.utils.DefaultLogguer Type:INFO ] {:~   Starting Simulation  ~:} 
[ 2012-10-29  com.frre.cemami.utils.DefaultLogguer Type:INFO ] {:~  Max Age 818 ~:} 
[ 2012-10-29  com.frre.cemami.utils.DefaultLogguer Type:INFO ] {:~  CurrentPopulation 46 ~:} 
[ 2012-10-29  com.frre.cemami.utils.DefaultLogguer Type:INFO ] {:~  Individuo{fitnessValue=1200.0 productos= 1 --> [0] 2 --> [3] 3 --> [3] 4 --> [0] } ~:} 
[ 2012-10-29  com.frre.cemami.utils.DefaultLogguer Type:INFO ] {:~  Individuo{fitnessValue=1200.0 productos= 1 --> [0] 2 --> [3] 3 --> [3] 4 --> [0] } ~:} 
[ 2012-10-29  com.frre.cemami.utils.DefaultLogguer Type:INFO ] {:~  Individuo{fitnessValue=1200.0 productos= 1 --> [0] 2 --> [3] 3 --> [3] 4 --> [0] } ~:} 
[ 2012-10-29  com.frre.cemami.utils.DefaultLogguer Type:INFO ] {:~  Individuo{fitnessValue=1200.0 productos= 1 --> [0] 2 --> [3] 3 --> [3] 4 --> [0] } ~:} 
[ 2012-10-29  com.frre.cemami.utils.DefaultLogguer Type:INFO ] {:~  Individuo{fitnessValue=1200.0 productos= 1 --> [0] 2 --> [3] 3 --> [3] 4 --> [0] } ~:} 
[ 2012-10-29  com.frre.cemami.utils.DefaultLogguer Type:INFO ] {:~  className:org.jdesktop.application.Application.NoApplication App started ~:} 
[ 2012-10-29  com.frre.cemami.utils.DefaultLogguer Type:ERROR ] {:~  className:iapractica.views.MainPanelView Valores Agregados con exito ~:} 
[ 2012-10-29  com.frre.cemami.utils.DefaultLogguer Type:INFO ] {:~  Max of 0 4 ~:} 
[ 2012-10-29  com.frre.cemami.utils.DefaultLogguer Type:INFO ] {:~  Max of 1 8 ~:} 
[ 2012-10-29  com.frre.cemami.utils.DefaultLogguer Type:INFO ] {:~  Max of 2 7 ~:} 
[ 2012-10-29  com.frre.cemami.utils.DefaultLogguer Type:INFO ] {:~  Max of 3 4 ~:} 
[ 2012-10-29  com.frre.cemami.utils.DefaultLogguer Type:INFO ] {:~   Starting Simulation  ~:} 
[ 2012-10-29  com.frre.cemami.utils.DefaultLogguer Type:INFO ] {:~  Max Age 149 ~:} 
[ 2012-10-29  com.frre.cemami.utils.DefaultLogguer Type:INFO ] {:~  CurrentPopulation 869 ~:} 
[ 2012-10-29  com.frre.cemami.utils.DefaultLogguer Type:INFO ] {:~  Individuo{fitnessValue=2040.0 productos= 1 --> [0] 2 --> [0] 3 --> [4] 4 --> [0] } ~:} 
[ 2012-10-29  com.frre.cemami.utils.DefaultLogguer Type:INFO ] {:~  Individuo{fitnessValue=2060.0 productos= 1 --> [0] 2 --> [4] 3 --> [0] 4 --> [0] } ~:} 
[ 2012-10-29  com.frre.cemami.utils.DefaultLogguer Type:INFO ] {:~  Individuo{fitnessValue=2040.0 productos= 1 --> [0] 2 --> [0] 3 --> [4] 4 --> [0] } ~:} 
[ 2012-10-29  com.frre.cemami.utils.DefaultLogguer Type:INFO ] {:~  Individuo{fitnessValue=2040.0 productos= 1 --> [0] 2 --> [0] 3 --> [4] 4 --> [0] } ~:} 
[ 2012-10-29  com.frre.cemami.utils.DefaultLogguer Type:INFO ] {:~  Individuo{fitnessValue=2040.0 productos= 1 --> [0] 2 --> [0] 3 --> [4] 4 --> [0] } ~:} 
[ 2012-10-29  com.frre.cemami.utils.DefaultLogguer Type:INFO ] {:~  className:org.jdesktop.application.Application.NoApplication App started ~:} 
[ 2012-10-29  com.frre.cemami.utils.DefaultLogguer Type:INFO ] {:~  className:org.jdesktop.application.Application.NoApplication App started ~:} 
[ 2012-10-29  com.frre.cemami.utils.DefaultLogguer Type:INFO ] {:~  className:org.jdesktop.application.Application.NoApplication App started ~:} 
[ 2012-10-29  com.frre.cemami.utils.DefaultLogguer Type:INFO ] {:~  className:org.jdesktop.application.Application.NoApplication App started ~:} 
[ 2012-10-29  com.frre.cemami.utils.DefaultLogguer Type:INFO ] {:~  className:org.jdesktop.application.Application.NoApplication App started ~:} 
[ 2012-10-29  com.frre.cemami.utils.DefaultLogguer Type:ERROR ] {:~  className:iapractica.views.MainPanelView Valores Agregados con exito ~:} 
[ 2012-10-29  com.frre.cemami.utils.DefaultLogguer Type:INFO ] {:~  Max of 0 19 ~:} 
[ 2012-10-29  com.frre.cemami.utils.DefaultLogguer Type:INFO ] {:~  Max of 1 18 ~:} 
[ 2012-10-29  com.frre.cemami.utils.DefaultLogguer Type:INFO ] {:~  Max of 2 19 ~:} 
[ 2012-10-29  com.frre.cemami.utils.DefaultLogguer Type:INFO ] {:~  Max of 3 21 ~:} 
[ 2012-10-29  com.frre.cemami.utils.DefaultLogguer Type:INFO ] {:~   Starting Simulation  ~:} 
[ 2012-10-29  com.frre.cemami.utils.DefaultLogguer Type:INFO ] {:~  Max Age 9397 ~:} 
[ 2012-10-29  com.frre.cemami.utils.DefaultLogguer Type:INFO ] {:~  CurrentPopulation 618 ~:} 
[ 2012-10-29  com.frre.cemami.utils.DefaultLogguer Type:ERROR ] {:~  className:genetics.individuos.Poblacion sleep interrupted Stack:  ~:} 
[ 2012-10-29  com.frre.cemami.utils.DefaultLogguer Type:ERROR ] {:~ java.lang.Thread.sleep(Native Method) ~:} 
[ 2012-10-29  com.frre.cemami.utils.DefaultLogguer Type:ERROR ] {:~ genetics.individuos.Poblacion.run(Poblacion.java:135) ~:} 
[ 2012-10-29  com.frre.cemami.utils.DefaultLogguer Type:INFO ] {:~  className:org.jdesktop.application.Application.NoApplication App started ~:} 
[ 2012-10-29  com.frre.cemami.utils.DefaultLogguer Type:ERROR ] {:~  className:iapractica.views.MainPanelView Valores Agregados con exito ~:} 
[ 2012-10-29  com.frre.cemami.utils.DefaultLogguer Type:INFO ] {:~  Max of 0 6 ~:} 
[ 2012-10-29  com.frre.cemami.utils.DefaultLogguer Type:INFO ] {:~  Max of 1 13 ~:} 
[ 2012-10-29  com.frre.cemami.utils.DefaultLogguer Type:INFO ] {:~  Max of 2 8 ~:} 
[ 2012-10-29  com.frre.cemami.utils.DefaultLogguer Type:INFO ] {:~  Max of 3 7 ~:} 
[ 2012-10-29  com.frre.cemami.utils.DefaultLogguer Type:INFO ] {:~   Starting Simulation  ~:} 
[ 2012-10-29  com.frre.cemami.utils.DefaultLogguer Type:INFO ] {:~  Max Age 6337 ~:} 
[ 2012-10-29  com.frre.cemami.utils.DefaultLogguer Type:INFO ] {:~  CurrentPopulation 561 ~:} 
[ 2012-10-29  com.frre.cemami.utils.DefaultLogguer Type:ERROR ] {:~  className:genetics.individuos.Poblacion sleep interrupted Stack:  ~:} 
[ 2012-10-29  com.frre.cemami.utils.DefaultLogguer Type:ERROR ] {:~ java.lang.Thread.sleep(Native Method) ~:} 
[ 2012-10-29  com.frre.cemami.utils.DefaultLogguer Type:ERROR ] {:~ genetics.individuos.Poblacion.run(Poblacion.java:135) ~:} 
[ 2012-10-29  com.frre.cemami.utils.DefaultLogguer Type:INFO ] {:~  className:org.jdesktop.application.Application.NoApplication App started ~:} 
[ 2012-10-29  com.frre.cemami.utils.DefaultLogguer Type:INFO ] {:~  className:org.jdesktop.application.Application.NoApplication App started ~:} 
[ 2012-10-29  com.frre.cemami.utils.DefaultLogguer Type:ERROR ] {:~  className:iapractica.views.MainPanelView Valores Agregados con exito ~:} 
[ 2012-10-29  com.frre.cemami.utils.DefaultLogguer Type:INFO ] {:~  Max of 0 4 ~:} 
[ 2012-10-29  com.frre.cemami.utils.DefaultLogguer Type:INFO ] {:~  Max of 1 14 ~:} 
[ 2012-10-29  com.frre.cemami.utils.DefaultLogguer Type:INFO ] {:~  Max of 2 6 ~:} 
[ 2012-10-29  com.frre.cemami.utils.DefaultLogguer Type:INFO ] {:~  Max of 3 4 ~:} 
[ 2012-10-29  com.frre.cemami.utils.DefaultLogguer Type:INFO ] {:~   Starting Simulation  ~:} 
[ 2012-10-29  com.frre.cemami.utils.DefaultLogguer Type:INFO ] {:~  Max Age 8589 ~:} 
[ 2012-10-29  com.frre.cemami.utils.DefaultLogguer Type:INFO ] {:~  CurrentPopulation 55 ~:} 
[ 2012-10-29  com.frre.cemami.utils.DefaultLogguer Type:ERROR ] {:~  className:genetics.individuos.Poblacion sleep interrupted Stack:  ~:} 
[ 2012-10-29  com.frre.cemami.utils.DefaultLogguer Type:ERROR ] {:~ java.lang.Thread.sleep(Native Method) ~:} 
[ 2012-10-29  com.frre.cemami.utils.DefaultLogguer Type:ERROR ] {:~ genetics.individuos.Poblacion.run(Poblacion.java:135) ~:} 
[ 2012-10-29  com.frre.cemami.utils.DefaultLogguer Type:INFO ] {:~  className:org.jdesktop.application.Application.NoApplication App started ~:} 
[ 2012-10-29  com.frre.cemami.utils.DefaultLogguer Type:ERROR ] {:~  className:iapractica.views.MainPanelView Valores Agregados con exito ~:} 
[ 2012-10-29  com.frre.cemami.utils.DefaultLogguer Type:INFO ] {:~  Max of 0 3 ~:} 
[ 2012-10-29  com.frre.cemami.utils.DefaultLogguer Type:INFO ] {:~  Max of 1 2 ~:} 
[ 2012-10-29  com.frre.cemami.utils.DefaultLogguer Type:INFO ] {:~  Max of 2 1 ~:} 
[ 2012-10-29  com.frre.cemami.utils.DefaultLogguer Type:INFO ] {:~  Max of 3 2 ~:} 
[ 2012-10-29  com.frre.cemami.utils.DefaultLogguer Type:INFO ] {:~   Starting Simulation  ~:} 
[ 2012-10-29  com.frre.cemami.utils.DefaultLogguer Type:INFO ] {:~  Max Age 7258 ~:} 
[ 2012-10-29  com.frre.cemami.utils.DefaultLogguer Type:INFO ] {:~  CurrentPopulation 689 ~:} 
[ 2012-10-29  com.frre.cemami.utils.DefaultLogguer Type:ERROR ] {:~  className:genetics.individuos.Poblacion sleep interrupted Stack:  ~:} 
[ 2012-10-29  com.frre.cemami.utils.DefaultLogguer Type:ERROR ] {:~ java.lang.Thread.sleep(Native Method) ~:} 
[ 2012-10-29  com.frre.cemami.utils.DefaultLogguer Type:ERROR ] {:~ genetics.individuos.Poblacion.run(Poblacion.java:135) ~:} 
[ 2012-10-29  com.frre.cemami.utils.DefaultLogguer Type:INFO ] {:~  className:org.jdesktop.application.Application.NoApplication App started ~:} 
[ 2012-10-29  com.frre.cemami.utils.DefaultLogguer Type:INFO ] {:~  className:org.jdesktop.application.Application.NoApplication App started ~:} 
[ 2012-10-29  com.frre.cemami.utils.DefaultLogguer Type:ERROR ] {:~  className:iapractica.views.MainPanelView Valores Agregados con exito ~:} 
[ 2012-10-29  com.frre.cemami.utils.DefaultLogguer Type:INFO ] {:~  Max of 0 0 ~:} 
[ 2012-10-29  com.frre.cemami.utils.DefaultLogguer Type:INFO ] {:~  Max of 1 1 ~:} 
[ 2012-10-29  com.frre.cemami.utils.DefaultLogguer Type:INFO ] {:~  Max of 2 0 ~:} 
[ 2012-10-29  com.frre.cemami.utils.DefaultLogguer Type:INFO ] {:~  Max of 3 0 ~:} 
[ 2012-10-29  com.frre.cemami.utils.DefaultLogguer Type:INFO ] {:~   Starting Simulation  ~:} 
[ 2012-10-29  com.frre.cemami.utils.DefaultLogguer Type:INFO ] {:~  Max Age 8669 ~:} 
[ 2012-10-29  com.frre.cemami.utils.DefaultLogguer Type:INFO ] {:~  CurrentPopulation 8406 ~:} 
[ 2012-10-29  com.frre.cemami.utils.DefaultLogguer Type:ERROR ] {:~  className:genetics.individuos.Poblacion sleep interrupted Stack:  ~:} 
[ 2012-10-29  com.frre.cemami.utils.DefaultLogguer Type:ERROR ] {:~ java.lang.Thread.sleep(Native Method) ~:} 
[ 2012-10-29  com.frre.cemami.utils.DefaultLogguer Type:ERROR ] {:~ genetics.individuos.Poblacion.run(Poblacion.java:137) ~:} 
[ 2012-10-29  com.frre.cemami.utils.DefaultLogguer Type:INFO ] {:~  className:org.jdesktop.application.Application.NoApplication App started ~:} 
[ 2012-10-29  com.frre.cemami.utils.DefaultLogguer Type:ERROR ] {:~  className:iapractica.views.MainPanelView Valores Agregados con exito ~:} 
[ 2012-10-29  com.frre.cemami.utils.DefaultLogguer Type:INFO ] {:~  Max of 0 109 ~:} 
[ 2012-10-29  com.frre.cemami.utils.DefaultLogguer Type:INFO ] {:~  Max of 1 116 ~:} 
[ 2012-10-29  com.frre.cemami.utils.DefaultLogguer Type:INFO ] {:~  Max of 2 96 ~:} 
[ 2012-10-29  com.frre.cemami.utils.DefaultLogguer Type:INFO ] {:~  Max of 3 113 ~:} 
[ 2012-10-29  com.frre.cemami.utils.DefaultLogguer Type:INFO ] {:~   Starting Simulation  ~:} 
[ 2012-10-29  com.frre.cemami.utils.DefaultLogguer Type:INFO ] {:~  Max Age 792 ~:} 
[ 2012-10-29  com.frre.cemami.utils.DefaultLogguer Type:INFO ] {:~  CurrentPopulation 1589 ~:} 
[ 2012-10-29  com.frre.cemami.utils.DefaultLogguer Type:ERROR ] {:~  className:genetics.individuos.Poblacion sleep interrupted Stack:  ~:} 
[ 2012-10-29  com.frre.cemami.utils.DefaultLogguer Type:ERROR ] {:~ java.lang.Thread.sleep(Native Method) ~:} 
[ 2012-10-29  com.frre.cemami.utils.DefaultLogguer Type:ERROR ] {:~ genetics.individuos.Poblacion.run(Poblacion.java:137) ~:} 
[ 2012-10-29  com.frre.cemami.utils.DefaultLogguer Type:INFO ] {:~  className:org.jdesktop.application.Application.NoApplication App started ~:} 
[ 2012-10-29  com.frre.cemami.utils.DefaultLogguer Type:ERROR ] {:~  className:iapractica.views.MainPanelView Valores Agregados con exito ~:} 
[ 2012-10-29  com.frre.cemami.utils.DefaultLogguer Type:INFO ] {:~  Max of 0 1108 ~:} 
[ 2012-10-29  com.frre.cemami.utils.DefaultLogguer Type:INFO ] {:~  Max of 1 1266 ~:} 
[ 2012-10-29  com.frre.cemami.utils.DefaultLogguer Type:INFO ] {:~  Max of 2 1056 ~:} 
[ 2012-10-29  com.frre.cemami.utils.DefaultLogguer Type:INFO ] {:~  Max of 3 1083 ~:} 
[ 2012-10-29  com.frre.cemami.utils.DefaultLogguer Type:INFO ] {:~  className:org.jdesktop.application.Application.NoApplication App started ~:} 
[ 2012-10-29  com.frre.cemami.utils.DefaultLogguer Type:ERROR ] {:~  className:iapractica.views.MainPanelView Valores Agregados con exito ~:} 
[ 2012-10-29  com.frre.cemami.utils.DefaultLogguer Type:INFO ] {:~  Max of 0 30 ~:} 
[ 2012-10-29  com.frre.cemami.utils.DefaultLogguer Type:INFO ] {:~  Max of 1 37 ~:} 
[ 2012-10-29  com.frre.cemami.utils.DefaultLogguer Type:INFO ] {:~  Max of 2 26 ~:} 
[ 2012-10-29  com.frre.cemami.utils.DefaultLogguer Type:INFO ] {:~  Max of 3 37 ~:} 
[ 2012-10-29  com.frre.cemami.utils.DefaultLogguer Type:INFO ] {:~   Starting Simulation  ~:} 
[ 2012-10-29  com.frre.cemami.utils.DefaultLogguer Type:INFO ] {:~  Max Age 507 ~:} 
[ 2012-10-29  com.frre.cemami.utils.DefaultLogguer Type:INFO ] {:~  CurrentPopulation 2838 ~:} 
[ 2012-10-29  com.frre.cemami.utils.DefaultLogguer Type:ERROR ] {:~  className:genetics.individuos.Poblacion sleep interrupted Stack:  ~:} 
[ 2012-10-29  com.frre.cemami.utils.DefaultLogguer Type:ERROR ] {:~ java.lang.Thread.sleep(Native Method) ~:} 
[ 2012-10-29  com.frre.cemami.utils.DefaultLogguer Type:ERROR ] {:~ genetics.individuos.Poblacion.run(Poblacion.java:142) ~:} 
[ 2012-10-29  com.frre.cemami.utils.DefaultLogguer Type:INFO ] {:~  className:org.jdesktop.application.Application.NoApplication App started ~:} 
[ 2012-10-29  com.frre.cemami.utils.DefaultLogguer Type:ERROR ] {:~  className:iapractica.views.MainPanelView Valores Agregados con exito ~:} 
[ 2012-10-29  com.frre.cemami.utils.DefaultLogguer Type:INFO ] {:~  Max of 0 40 ~:} 
[ 2012-10-29  com.frre.cemami.utils.DefaultLogguer Type:INFO ] {:~  Max of 1 55 ~:} 
[ 2012-10-29  com.frre.cemami.utils.DefaultLogguer Type:INFO ] {:~  Max of 2 38 ~:} 
[ 2012-10-29  com.frre.cemami.utils.DefaultLogguer Type:INFO ] {:~  Max of 3 48 ~:} 
[ 2012-10-29  com.frre.cemami.utils.DefaultLogguer Type:INFO ] {:~   Starting Simulation  ~:} 
[ 2012-10-29  com.frre.cemami.utils.DefaultLogguer Type:INFO ] {:~  Max Age 925 ~:} 
[ 2012-10-29  com.frre.cemami.utils.DefaultLogguer Type:INFO ] {:~  CurrentPopulation 3835 ~:} 
[ 2012-10-29  com.frre.cemami.utils.DefaultLogguer Type:ERROR ] {:~  className:genetics.individuos.Poblacion sleep interrupted Stack:  ~:} 
[ 2012-10-29  com.frre.cemami.utils.DefaultLogguer Type:ERROR ] {:~ java.lang.Thread.sleep(Native Method) ~:} 
[ 2012-10-29  com.frre.cemami.utils.DefaultLogguer Type:ERROR ] {:~ genetics.individuos.Poblacion.run(Poblacion.java:142) ~:} 
[ 2012-10-29  com.frre.cemami.utils.DefaultLogguer Type:INFO ] {:~  className:org.jdesktop.application.Application.NoApplication App started ~:} 
[ 2012-10-29  com.frre.cemami.utils.DefaultLogguer Type:ERROR ] {:~  className:iapractica.views.MainPanelView Valores Agregados con exito ~:} 
[ 2012-10-29  com.frre.cemami.utils.DefaultLogguer Type:INFO ] {:~  Max of 0 8 ~:} 
[ 2012-10-29  com.frre.cemami.utils.DefaultLogguer Type:INFO ] {:~  Max of 1 7 ~:} 
[ 2012-10-29  com.frre.cemami.utils.DefaultLogguer Type:INFO ] {:~  Max of 2 6 ~:} 
[ 2012-10-29  com.frre.cemami.utils.DefaultLogguer Type:INFO ] {:~  Max of 3 8 ~:} 
[ 2012-10-29  com.frre.cemami.utils.DefaultLogguer Type:INFO ] {:~   Starting Simulation  ~:} 
[ 2012-10-29  com.frre.cemami.utils.DefaultLogguer Type:INFO ] {:~  Max Age 607 ~:} 
[ 2012-10-29  com.frre.cemami.utils.DefaultLogguer Type:INFO ] {:~  CurrentPopulation 722 ~:} 
[ 2012-10-29  com.frre.cemami.utils.DefaultLogguer Type:INFO ] {:~  Individuo{fitnessValue=2090.0 productos= 1 --> [0] 2 --> [1] 3 --> [7] 4 --> [0] } ~:} 
[ 2012-10-29  com.frre.cemami.utils.DefaultLogguer Type:INFO ] {:~  Individuo{fitnessValue=2090.0 productos= 1 --> [0] 2 --> [1] 3 --> [7] 4 --> [0] } ~:} 
[ 2012-10-29  com.frre.cemami.utils.DefaultLogguer Type:INFO ] {:~  Individuo{fitnessValue=2810.0 productos= 1 --> [0] 2 --> [1] 3 --> [1] 4 --> [0] } ~:} 
[ 2012-10-29  com.frre.cemami.utils.DefaultLogguer Type:INFO ] {:~  Individuo{fitnessValue=2090.0 productos= 1 --> [0] 2 --> [1] 3 --> [7] 4 --> [0] } ~:} 
[ 2012-10-29  com.frre.cemami.utils.DefaultLogguer Type:INFO ] {:~  Individuo{fitnessValue=2090.0 productos= 1 --> [0] 2 --> [1] 3 --> [7] 4 --> [0] } ~:} 
[ 2012-10-29  com.frre.cemami.utils.DefaultLogguer Type:INFO ] {:~  className:org.jdesktop.application.Application.NoApplication App started ~:} 
[ 2012-10-29  com.frre.cemami.utils.DefaultLogguer Type:ERROR ] {:~  className:iapractica.views.MainPanelView No agresgaste materia prima para comenzar con la simulacion ~:} 
[ 2012-10-29  com.frre.cemami.utils.DefaultLogguer Type:ERROR ] {:~  className:iapractica.views.MainPanelView Valores Agregados con exito ~:} 
[ 2012-10-29  com.frre.cemami.utils.DefaultLogguer Type:INFO ] {:~  Max of 0 1 ~:} 
[ 2012-10-29  com.frre.cemami.utils.DefaultLogguer Type:INFO ] {:~  Max of 1 2 ~:} 
[ 2012-10-29  com.frre.cemami.utils.DefaultLogguer Type:INFO ] {:~  Max of 2 2 ~:} 
[ 2012-10-29  com.frre.cemami.utils.DefaultLogguer Type:INFO ] {:~  Max of 3 1 ~:} 
[ 2012-10-29  com.frre.cemami.utils.DefaultLogguer Type:INFO ] {:~   Starting Simulation  ~:} 
[ 2012-10-29  com.frre.cemami.utils.DefaultLogguer Type:INFO ] {:~  Max Age 297 ~:} 
[ 2012-10-29  com.frre.cemami.utils.DefaultLogguer Type:INFO ] {:~  CurrentPopulation 292 ~:} 
[ 2012-10-29  com.frre.cemami.utils.DefaultLogguer Type:INFO ] {:~  Individuo{fitnessValue=540.0 productos= 1 --> [0] 2 --> [0] 3 --> [1] 4 --> [0] } ~:} 
[ 2012-10-29  com.frre.cemami.utils.DefaultLogguer Type:INFO ] {:~  Individuo{fitnessValue=540.0 productos= 1 --> [0] 2 --> [0] 3 --> [1] 4 --> [0] } ~:} 
[ 2012-10-29  com.frre.cemami.utils.DefaultLogguer Type:INFO ] {:~  Individuo{fitnessValue=540.0 productos= 1 --> [0] 2 --> [0] 3 --> [1] 4 --> [0] } ~:} 
[ 2012-10-29  com.frre.cemami.utils.DefaultLogguer Type:INFO ] {:~  Individuo{fitnessValue=660.0 productos= 1 --> [0] 2 --> [0] 3 --> [0] 4 --> [0] } ~:} 
[ 2012-10-29  com.frre.cemami.utils.DefaultLogguer Type:INFO ] {:~  Individuo{fitnessValue=545.0 productos= 1 --> [0] 2 --> [1] 3 --> [0] 4 --> [0] } ~:} 
